{
  "numFailedTestSuites": 0,
  "numFailedTests": 0,
  "numPassedTestSuites": 1,
  "numPassedTests": 7,
  "numPendingTestSuites": 0,
  "numPendingTests": 0,
  "numRuntimeErrorTestSuites": 0,
  "numTodoTests": 0,
  "numTotalTestSuites": 1,
  "numTotalTests": 7,
  "openHandles": [],
  "snapshot": {
    "added": 0,
    "didUpdate": false,
    "failure": false,
    "filesAdded": 0,
    "filesRemoved": 0,
    "filesRemovedList": [],
    "filesUnmatched": 0,
    "filesUpdated": 0,
    "matched": 0,
    "total": 0,
    "unchecked": 0,
    "uncheckedKeysByFile": [],
    "unmatched": 0,
    "updated": 0
  },
  "startTime": 1721265343704,
  "success": false,
  "testResults": [
    {
      "leaks": false,
      "numFailingTests": 0,
      "numPassingTests": 7,
      "numPendingTests": 0,
      "numTodoTests": 0,
      "openHandles": [],
      "perfStats": {
        "end": 1721265344568,
        "runtime": 755,
        "slow": false,
        "start": 1721265343813
      },
      "skipped": false,
      "snapshot": {
        "added": 0,
        "fileDeleted": false,
        "matched": 0,
        "unchecked": 0,
        "uncheckedKeys": [],
        "unmatched": 0,
        "updated": 0
      },
      "testFilePath": "D:\\Documentos\\pgatsapi\\primeiro-test\\test\\test-conteudo.test.js",
      "testResults": [
        {
          "ancestorTitles": [
            "Trabalho de conclusão de disciplina de Automação de Testes em API Rest"
          ],
          "duration": 83,
          "failureDetails": [],
          "failureMessages": [],
          "fullName": "Trabalho de conclusão de disciplina de Automação de Testes em API Rest Deve cadastrar um novo conteúdo e retornar 201",
          "invocations": 1,
          "location": null,
          "numPassingAsserts": 3,
          "retryReasons": [],
          "status": "passed",
          "title": "Deve cadastrar um novo conteúdo e retornar 201"
        },
        {
          "ancestorTitles": [
            "Trabalho de conclusão de disciplina de Automação de Testes em API Rest"
          ],
          "duration": 9,
          "failureDetails": [],
          "failureMessages": [],
          "fullName": "Trabalho de conclusão de disciplina de Automação de Testes em API Rest Deve consultar o conteúdo cadastrado e comparar se está correto",
          "invocations": 1,
          "location": null,
          "numPassingAsserts": 3,
          "retryReasons": [],
          "status": "passed",
          "title": "Deve consultar o conteúdo cadastrado e comparar se está correto"
        },
        {
          "ancestorTitles": [
            "Trabalho de conclusão de disciplina de Automação de Testes em API Rest"
          ],
          "duration": 9,
          "failureDetails": [],
          "failureMessages": [],
          "fullName": "Trabalho de conclusão de disciplina de Automação de Testes em API Rest Deve consultar um conteúdo inexistente e retornar 404",
          "invocations": 1,
          "location": null,
          "numPassingAsserts": 2,
          "retryReasons": [],
          "status": "passed",
          "title": "Deve consultar um conteúdo inexistente e retornar 404"
        },
        {
          "ancestorTitles": [
            "Trabalho de conclusão de disciplina de Automação de Testes em API Rest"
          ],
          "duration": 16,
          "failureDetails": [],
          "failureMessages": [],
          "fullName": "Trabalho de conclusão de disciplina de Automação de Testes em API Rest Deve alterar o conteúdo cadastrado anteriormente e retornar 201",
          "invocations": 1,
          "location": null,
          "numPassingAsserts": 2,
          "retryReasons": [],
          "status": "passed",
          "title": "Deve alterar o conteúdo cadastrado anteriormente e retornar 201"
        },
        {
          "ancestorTitles": [
            "Trabalho de conclusão de disciplina de Automação de Testes em API Rest"
          ],
          "duration": 10,
          "failureDetails": [],
          "failureMessages": [],
          "fullName": "Trabalho de conclusão de disciplina de Automação de Testes em API Rest Deve tentar alterar um conteúdo inexistente e retornar 404",
          "invocations": 1,
          "location": null,
          "numPassingAsserts": 1,
          "retryReasons": [],
          "status": "passed",
          "title": "Deve tentar alterar um conteúdo inexistente e retornar 404"
        },
        {
          "ancestorTitles": [
            "Trabalho de conclusão de disciplina de Automação de Testes em API Rest"
          ],
          "duration": 18,
          "failureDetails": [],
          "failureMessages": [],
          "fullName": "Trabalho de conclusão de disciplina de Automação de Testes em API Rest Deve deletar o conteúdo cadastrado anteriormente e retornar 200",
          "invocations": 1,
          "location": null,
          "numPassingAsserts": 2,
          "retryReasons": [],
          "status": "passed",
          "title": "Deve deletar o conteúdo cadastrado anteriormente e retornar 200"
        },
        {
          "ancestorTitles": [
            "Trabalho de conclusão de disciplina de Automação de Testes em API Rest"
          ],
          "duration": 7,
          "failureDetails": [],
          "failureMessages": [],
          "fullName": "Trabalho de conclusão de disciplina de Automação de Testes em API Rest Deve tentar deletar o conteúdo deletado anteriormente e retornar 404",
          "invocations": 1,
          "location": null,
          "numPassingAsserts": 2,
          "retryReasons": [],
          "status": "passed",
          "title": "Deve tentar deletar o conteúdo deletado anteriormente e retornar 404"
        }
      ],
      "failureMessage": null
    }
  ],
  "wasInterrupted": false
}